<?xml version="1.0" encoding="utf-8"?><testsuites name="pytest tests"><testsuite name="pytest" errors="0" failures="0" skipped="0" tests="16" time="17.994" timestamp="2026-05-18T18:34:31.188381+00:00" hostname="agent-env-e7a49d7d-efcd-484f-98dc-82f3808b5c8c"><testcase classname="backend.tests.test_postpilot_api.TestProxyHealth" name="test_proxy_health" time="0.319" /><testcase classname="backend.tests.test_postpilot_api.TestCronPublish" name="test_cron_without_secret_returns_401" time="0.965" /><testcase classname="backend.tests.test_postpilot_api.TestCronPublish" name="test_cron_with_wrong_secret_returns_401" time="0.062" /><testcase classname="backend.tests.test_postpilot_api.TestCronPublish" name="test_cron_with_valid_secret_returns_200" time="7.188" /><testcase classname="backend.tests.test_postpilot_api.TestCronPublish" name="test_cron_with_query_param_secret" time="7.112" /><testcase classname="backend.tests.test_postpilot_api.TestChannelsConnect" name="test_mocked_platform_returns_mock_true[linkedin]" time="0.331" /><testcase classname="backend.tests.test_postpilot_api.TestChannelsConnect" name="test_mocked_platform_returns_mock_true[pinterest]" time="0.090" /><testcase classname="backend.tests.test_postpilot_api.TestChannelsConnect" name="test_mocked_platform_returns_mock_true[google_business]" time="0.069" /><testcase classname="backend.tests.test_postpilot_api.TestChannelsConnect" name="test_mocked_platform_returns_mock_true[youtube]" time="0.075" /><testcase classname="backend.tests.test_postpilot_api.TestChannelsConnect" name="test_mocked_platform_returns_mock_true[twitter]" time="0.074" /><testcase classname="backend.tests.test_postpilot_api.TestChannelsConnect" name="test_facebook_returns_mock_when_meta_not_configured" time="0.074" /><testcase classname="backend.tests.test_postpilot_api.TestChannelsConnect" name="test_unknown_platform_returns_400" time="0.066" /><testcase classname="backend.tests.test_postpilot_api.TestPostsCreate" name="test_create_post_preview_mode" time="0.449" /><testcase classname="backend.tests.test_postpilot_api.TestPostsCreate" name="test_create_post_empty_targets_returns_400" time="0.067" /><testcase classname="backend.tests.test_postpilot_api.TestPostsCreate" name="test_create_post_missing_mode_returns_400" time="0.068" /><testcase classname="backend.tests.test_postpilot_api.TestContact" name="test_contact_form_accepts_json" time="0.909" /></testsuite></testsuites>